{"E:\\nodeCurs\\Task_3_simple-crud-api\\src\\index.js": {"path":"E:\\nodeCurs\\Task_3_simple-crud-api\\src\\index.js","statementMap":{"0":{"start":{"line":1,"column":13},"end":{"line":1,"column":28}},"1":{"start":{"line":2,"column":23},"end":{"line":2,"column":40}},"2":{"start":{"line":3,"column":21},"end":{"line":3,"column":58}},"3":{"start":{"line":4,"column":20},"end":{"line":4,"column":56}},"4":{"start":{"line":5,"column":19},"end":{"line":5,"column":54}},"5":{"start":{"line":6,"column":18},"end":{"line":6,"column":52}},"6":{"start":{"line":7,"column":18},"end":{"line":7,"column":52}},"7":{"start":{"line":9,"column":0},"end":{"line":9,"column":9}},"8":{"start":{"line":11,"column":18},"end":{"line":11,"column":20}},"9":{"start":{"line":14,"column":15},"end":{"line":70,"column":2}},"10":{"start":{"line":16,"column":19},"end":{"line":16,"column":117}},"11":{"start":{"line":18,"column":4},"end":{"line":69,"column":5}},"12":{"start":{"line":21,"column":12},"end":{"line":62,"column":13}},"13":{"start":{"line":22,"column":20},"end":{"line":27,"column":21}},"14":{"start":{"line":23,"column":24},"end":{"line":23,"column":66}},"15":{"start":{"line":25,"column":27},"end":{"line":27,"column":21}},"16":{"start":{"line":26,"column":24},"end":{"line":26,"column":87}},"17":{"start":{"line":29,"column":19},"end":{"line":62,"column":13}},"18":{"start":{"line":31,"column":20},"end":{"line":55,"column":21}},"19":{"start":{"line":32,"column":24},"end":{"line":48,"column":25}},"20":{"start":{"line":33,"column":28},"end":{"line":41,"column":29}},"21":{"start":{"line":34,"column":32},"end":{"line":34,"column":87}},"22":{"start":{"line":36,"column":35},"end":{"line":41,"column":29}},"23":{"start":{"line":37,"column":32},"end":{"line":37,"column":102}},"24":{"start":{"line":39,"column":35},"end":{"line":41,"column":29}},"25":{"start":{"line":40,"column":32},"end":{"line":40,"column":94}},"26":{"start":{"line":44,"column":28},"end":{"line":44,"column":85}},"27":{"start":{"line":45,"column":28},"end":{"line":45,"column":54}},"28":{"start":{"line":46,"column":29},"end":{"line":46,"column":69}},"29":{"start":{"line":47,"column":29},"end":{"line":47,"column":44}},"30":{"start":{"line":51,"column":24},"end":{"line":51,"column":81}},"31":{"start":{"line":52,"column":24},"end":{"line":52,"column":50}},"32":{"start":{"line":53,"column":24},"end":{"line":53,"column":74}},"33":{"start":{"line":54,"column":24},"end":{"line":54,"column":39}},"34":{"start":{"line":58,"column":16},"end":{"line":58,"column":42}},"35":{"start":{"line":59,"column":16},"end":{"line":59,"column":73}},"36":{"start":{"line":60,"column":16},"end":{"line":60,"column":102}},"37":{"start":{"line":61,"column":16},"end":{"line":61,"column":31}},"38":{"start":{"line":65,"column":8},"end":{"line":65,"column":34}},"39":{"start":{"line":66,"column":8},"end":{"line":66,"column":65}},"40":{"start":{"line":67,"column":8},"end":{"line":67,"column":41}},"41":{"start":{"line":68,"column":8},"end":{"line":68,"column":23}},"42":{"start":{"line":72,"column":0},"end":{"line":72,"column":31}},"43":{"start":{"line":73,"column":0},"end":{"line":73,"column":30}}},"fnMap":{"0":{"name":"(anonymous_0)","decl":{"start":{"line":14,"column":33},"end":{"line":14,"column":34}},"loc":{"start":{"line":14,"column":58},"end":{"line":70,"column":1}},"line":14}},"branchMap":{"0":{"loc":{"start":{"line":21,"column":12},"end":{"line":62,"column":13}},"type":"if","locations":[{"start":{"line":21,"column":12},"end":{"line":62,"column":13}},{"start":{"line":29,"column":19},"end":{"line":62,"column":13}}],"line":21},"1":{"loc":{"start":{"line":22,"column":20},"end":{"line":27,"column":21}},"type":"if","locations":[{"start":{"line":22,"column":20},"end":{"line":27,"column":21}},{"start":{"line":25,"column":27},"end":{"line":27,"column":21}}],"line":22},"2":{"loc":{"start":{"line":25,"column":27},"end":{"line":27,"column":21}},"type":"if","locations":[{"start":{"line":25,"column":27},"end":{"line":27,"column":21}},{"start":{},"end":{}}],"line":25},"3":{"loc":{"start":{"line":29,"column":19},"end":{"line":62,"column":13}},"type":"if","locations":[{"start":{"line":29,"column":19},"end":{"line":62,"column":13}},{"start":{"line":57,"column":19},"end":{"line":62,"column":13}}],"line":29},"4":{"loc":{"start":{"line":29,"column":24},"end":{"line":29,"column":80}},"type":"binary-expr","locations":[{"start":{"line":29,"column":24},"end":{"line":29,"column":59}},{"start":{"line":29,"column":64},"end":{"line":29,"column":80}}],"line":29},"5":{"loc":{"start":{"line":31,"column":20},"end":{"line":55,"column":21}},"type":"if","locations":[{"start":{"line":31,"column":20},"end":{"line":55,"column":21}},{"start":{"line":50,"column":27},"end":{"line":55,"column":21}}],"line":31},"6":{"loc":{"start":{"line":33,"column":28},"end":{"line":41,"column":29}},"type":"if","locations":[{"start":{"line":33,"column":28},"end":{"line":41,"column":29}},{"start":{"line":36,"column":35},"end":{"line":41,"column":29}}],"line":33},"7":{"loc":{"start":{"line":36,"column":35},"end":{"line":41,"column":29}},"type":"if","locations":[{"start":{"line":36,"column":35},"end":{"line":41,"column":29}},{"start":{"line":39,"column":35},"end":{"line":41,"column":29}}],"line":36},"8":{"loc":{"start":{"line":39,"column":35},"end":{"line":41,"column":29}},"type":"if","locations":[{"start":{"line":39,"column":35},"end":{"line":41,"column":29}},{"start":{},"end":{}}],"line":39}},"s":{"0":1,"1":1,"2":1,"3":1,"4":1,"5":1,"6":1,"7":1,"8":1,"9":1,"10":12,"11":12,"12":12,"13":5,"14":2,"15":3,"16":3,"17":7,"18":7,"19":7,"20":7,"21":3,"22":4,"23":2,"24":2,"25":2,"26":0,"27":0,"28":0,"29":0,"30":0,"31":0,"32":0,"33":0,"34":0,"35":0,"36":0,"37":0,"38":0,"39":0,"40":0,"41":0,"42":1,"43":1},"f":{"0":12},"b":{"0":[5,7],"1":[2,3],"2":[3,0],"3":[7,0],"4":[7,7],"5":[7,0],"6":[3,4],"7":[2,2],"8":[2,0]},"_coverageSchema":"1a1c01bbd47fc00a2c39e90264f33305004495a9","hash":"ac67bfb69ac0a0964efc011f7907048bc2d33e91"}
,"E:\\nodeCurs\\Task_3_simple-crud-api\\src\\module_CRUD\\moduleDelete.js": {"path":"E:\\nodeCurs\\Task_3_simple-crud-api\\src\\module_CRUD\\moduleDelete.js","statementMap":{"0":{"start":{"line":2,"column":17},"end":{"line":37,"column":1}},"1":{"start":{"line":3,"column":18},"end":{"line":3,"column":36}},"2":{"start":{"line":4,"column":18},"end":{"line":4,"column":100}},"3":{"start":{"line":9,"column":4},"end":{"line":36,"column":5}},"4":{"start":{"line":11,"column":8},"end":{"line":16,"column":11}},"5":{"start":{"line":12,"column":12},"end":{"line":15,"column":13}},"6":{"start":{"line":13,"column":16},"end":{"line":13,"column":39}},"7":{"start":{"line":14,"column":16},"end":{"line":14,"column":37}},"8":{"start":{"line":18,"column":8},"end":{"line":29,"column":9}},"9":{"start":{"line":19,"column":12},"end":{"line":19,"column":49}},"10":{"start":{"line":20,"column":12},"end":{"line":20,"column":38}},"11":{"start":{"line":21,"column":12},"end":{"line":21,"column":69}},"12":{"start":{"line":22,"column":12},"end":{"line":22,"column":27}},"13":{"start":{"line":25,"column":12},"end":{"line":25,"column":38}},"14":{"start":{"line":26,"column":12},"end":{"line":26,"column":69}},"15":{"start":{"line":27,"column":12},"end":{"line":27,"column":78}},"16":{"start":{"line":28,"column":12},"end":{"line":28,"column":27}},"17":{"start":{"line":32,"column":8},"end":{"line":32,"column":34}},"18":{"start":{"line":33,"column":8},"end":{"line":33,"column":65}},"19":{"start":{"line":34,"column":8},"end":{"line":34,"column":93}},"20":{"start":{"line":35,"column":8},"end":{"line":35,"column":23}},"21":{"start":{"line":39,"column":0},"end":{"line":39,"column":39}},"22":{"start":{"line":40,"column":0},"end":{"line":40,"column":33}}},"fnMap":{"0":{"name":"(anonymous_0)","decl":{"start":{"line":2,"column":17},"end":{"line":2,"column":18}},"loc":{"start":{"line":2,"column":67},"end":{"line":37,"column":1}},"line":2},"1":{"name":"(anonymous_1)","decl":{"start":{"line":11,"column":27},"end":{"line":11,"column":28}},"loc":{"start":{"line":11,"column":50},"end":{"line":16,"column":9}},"line":11}},"branchMap":{"0":{"loc":{"start":{"line":9,"column":4},"end":{"line":36,"column":5}},"type":"if","locations":[{"start":{"line":9,"column":4},"end":{"line":36,"column":5}},{"start":{"line":31,"column":11},"end":{"line":36,"column":5}}],"line":9},"1":{"loc":{"start":{"line":12,"column":12},"end":{"line":15,"column":13}},"type":"if","locations":[{"start":{"line":12,"column":12},"end":{"line":15,"column":13}},{"start":{},"end":{}}],"line":12},"2":{"loc":{"start":{"line":18,"column":8},"end":{"line":29,"column":9}},"type":"if","locations":[{"start":{"line":18,"column":8},"end":{"line":29,"column":9}},{"start":{"line":24,"column":15},"end":{"line":29,"column":9}}],"line":18}},"s":{"0":1,"1":2,"2":2,"3":2,"4":2,"5":3,"6":2,"7":2,"8":2,"9":2,"10":2,"11":2,"12":2,"13":0,"14":0,"15":0,"16":0,"17":0,"18":0,"19":0,"20":0,"21":1,"22":1},"f":{"0":2,"1":3},"b":{"0":[2,0],"1":[2,1],"2":[2,0]},"_coverageSchema":"1a1c01bbd47fc00a2c39e90264f33305004495a9","hash":"1eead563ce0a87cb3d3c54c72e7993ba2748d84d"}
,"E:\\nodeCurs\\Task_3_simple-crud-api\\src\\module_CRUD\\moduleGet.js": {"path":"E:\\nodeCurs\\Task_3_simple-crud-api\\src\\module_CRUD\\moduleGet.js","statementMap":{"0":{"start":{"line":1,"column":14},"end":{"line":7,"column":1}},"1":{"start":{"line":3,"column":15},"end":{"line":3,"column":43}},"2":{"start":{"line":4,"column":0},"end":{"line":4,"column":26}},"3":{"start":{"line":5,"column":0},"end":{"line":5,"column":57}},"4":{"start":{"line":6,"column":0},"end":{"line":6,"column":23}},"5":{"start":{"line":9,"column":0},"end":{"line":9,"column":33}}},"fnMap":{"0":{"name":"(anonymous_0)","decl":{"start":{"line":1,"column":14},"end":{"line":1,"column":15}},"loc":{"start":{"line":1,"column":47},"end":{"line":7,"column":1}},"line":1}},"branchMap":{},"s":{"0":1,"1":2,"2":2,"3":2,"4":2,"5":1},"f":{"0":2},"b":{},"_coverageSchema":"1a1c01bbd47fc00a2c39e90264f33305004495a9","hash":"600718125fb0960b661c6660188a92ac6fae42b4"}
,"E:\\nodeCurs\\Task_3_simple-crud-api\\src\\module_CRUD\\moduleGetID.js": {"path":"E:\\nodeCurs\\Task_3_simple-crud-api\\src\\module_CRUD\\moduleGetID.js","statementMap":{"0":{"start":{"line":1,"column":12},"end":{"line":34,"column":1}},"1":{"start":{"line":2,"column":18},"end":{"line":2,"column":34}},"2":{"start":{"line":3,"column":18},"end":{"line":3,"column":102}},"3":{"start":{"line":5,"column":8},"end":{"line":33,"column":9}},"4":{"start":{"line":7,"column":27},"end":{"line":11,"column":14}},"5":{"start":{"line":8,"column":16},"end":{"line":10,"column":17}},"6":{"start":{"line":9,"column":16},"end":{"line":9,"column":28}},"7":{"start":{"line":13,"column":12},"end":{"line":25,"column":13}},"8":{"start":{"line":14,"column":31},"end":{"line":14,"column":57}},"9":{"start":{"line":15,"column":16},"end":{"line":15,"column":73}},"10":{"start":{"line":16,"column":16},"end":{"line":16,"column":42}},"11":{"start":{"line":17,"column":16},"end":{"line":17,"column":41}},"12":{"start":{"line":18,"column":16},"end":{"line":18,"column":32}},"13":{"start":{"line":21,"column":16},"end":{"line":21,"column":73}},"14":{"start":{"line":22,"column":16},"end":{"line":22,"column":42}},"15":{"start":{"line":23,"column":16},"end":{"line":23,"column":82}},"16":{"start":{"line":24,"column":16},"end":{"line":24,"column":31}},"17":{"start":{"line":29,"column":12},"end":{"line":29,"column":69}},"18":{"start":{"line":30,"column":12},"end":{"line":30,"column":38}},"19":{"start":{"line":31,"column":12},"end":{"line":31,"column":99}},"20":{"start":{"line":32,"column":12},"end":{"line":32,"column":27}},"21":{"start":{"line":35,"column":0},"end":{"line":35,"column":29}}},"fnMap":{"0":{"name":"(anonymous_0)","decl":{"start":{"line":1,"column":12},"end":{"line":1,"column":13}},"loc":{"start":{"line":1,"column":52},"end":{"line":34,"column":1}},"line":1},"1":{"name":"(anonymous_1)","decl":{"start":{"line":7,"column":44},"end":{"line":7,"column":45}},"loc":{"start":{"line":7,"column":60},"end":{"line":11,"column":13}},"line":7}},"branchMap":{"0":{"loc":{"start":{"line":5,"column":8},"end":{"line":33,"column":9}},"type":"if","locations":[{"start":{"line":5,"column":8},"end":{"line":33,"column":9}},{"start":{"line":27,"column":15},"end":{"line":33,"column":9}}],"line":5},"1":{"loc":{"start":{"line":8,"column":16},"end":{"line":10,"column":17}},"type":"if","locations":[{"start":{"line":8,"column":16},"end":{"line":10,"column":17}},{"start":{},"end":{}}],"line":8},"2":{"loc":{"start":{"line":13,"column":12},"end":{"line":25,"column":13}},"type":"if","locations":[{"start":{"line":13,"column":12},"end":{"line":25,"column":13}},{"start":{"line":20,"column":18},"end":{"line":25,"column":13}}],"line":13}},"s":{"0":1,"1":3,"2":3,"3":3,"4":3,"5":2,"6":1,"7":3,"8":1,"9":1,"10":1,"11":1,"12":1,"13":2,"14":2,"15":2,"16":2,"17":0,"18":0,"19":0,"20":0,"21":1},"f":{"0":3,"1":2},"b":{"0":[3,0],"1":[1,1],"2":[1,2]},"_coverageSchema":"1a1c01bbd47fc00a2c39e90264f33305004495a9","hash":"9f06d439e3c822f84a3dd18af8d116d38478ed55"}
,"E:\\nodeCurs\\Task_3_simple-crud-api\\src\\module_CRUD\\modulePost.js": {"path":"E:\\nodeCurs\\Task_3_simple-crud-api\\src\\module_CRUD\\modulePost.js","statementMap":{"0":{"start":{"line":1,"column":15},"end":{"line":30,"column":1}},"1":{"start":{"line":3,"column":20},"end":{"line":3,"column":22}},"2":{"start":{"line":4,"column":4},"end":{"line":6,"column":7}},"3":{"start":{"line":5,"column":8},"end":{"line":5,"column":38}},"4":{"start":{"line":7,"column":4},"end":{"line":29,"column":7}},"5":{"start":{"line":8,"column":26},"end":{"line":8,"column":47}},"6":{"start":{"line":9,"column":18},"end":{"line":9,"column":24}},"7":{"start":{"line":10,"column":8},"end":{"line":10,"column":27}},"8":{"start":{"line":12,"column":12},"end":{"line":28,"column":13}},"9":{"start":{"line":14,"column":16},"end":{"line":14,"column":45}},"10":{"start":{"line":15,"column":31},"end":{"line":15,"column":58}},"11":{"start":{"line":17,"column":16},"end":{"line":17,"column":71}},"12":{"start":{"line":18,"column":16},"end":{"line":18,"column":42}},"13":{"start":{"line":19,"column":16},"end":{"line":19,"column":41}},"14":{"start":{"line":20,"column":16},"end":{"line":20,"column":31}},"15":{"start":{"line":21,"column":16},"end":{"line":21,"column":31}},"16":{"start":{"line":24,"column":16},"end":{"line":24,"column":42}},"17":{"start":{"line":25,"column":16},"end":{"line":25,"column":71}},"18":{"start":{"line":26,"column":16},"end":{"line":26,"column":61}},"19":{"start":{"line":27,"column":16},"end":{"line":27,"column":31}},"20":{"start":{"line":32,"column":0},"end":{"line":32,"column":35}}},"fnMap":{"0":{"name":"(anonymous_0)","decl":{"start":{"line":1,"column":15},"end":{"line":1,"column":16}},"loc":{"start":{"line":1,"column":64},"end":{"line":30,"column":1}},"line":1},"1":{"name":"(anonymous_1)","decl":{"start":{"line":4,"column":24},"end":{"line":4,"column":25}},"loc":{"start":{"line":4,"column":37},"end":{"line":6,"column":5}},"line":4},"2":{"name":"(anonymous_2)","decl":{"start":{"line":7,"column":23},"end":{"line":7,"column":24}},"loc":{"start":{"line":7,"column":29},"end":{"line":29,"column":5}},"line":7}},"branchMap":{"0":{"loc":{"start":{"line":12,"column":12},"end":{"line":28,"column":13}},"type":"if","locations":[{"start":{"line":12,"column":12},"end":{"line":28,"column":13}},{"start":{"line":23,"column":19},"end":{"line":28,"column":13}}],"line":12},"1":{"loc":{"start":{"line":12,"column":17},"end":{"line":12,"column":91}},"type":"binary-expr","locations":[{"start":{"line":12,"column":17},"end":{"line":12,"column":38}},{"start":{"line":12,"column":43},"end":{"line":12,"column":63}},{"start":{"line":12,"column":67},"end":{"line":12,"column":91}}],"line":12}},"s":{"0":1,"1":3,"2":3,"3":3,"4":3,"5":3,"6":3,"7":3,"8":3,"9":3,"10":3,"11":3,"12":3,"13":3,"14":3,"15":3,"16":0,"17":0,"18":0,"19":0,"20":1},"f":{"0":3,"1":3,"2":3},"b":{"0":[3,0],"1":[3,3,3]},"_coverageSchema":"1a1c01bbd47fc00a2c39e90264f33305004495a9","hash":"6635fe0a6498669bc73ac343c0242e61610b339a"}
,"E:\\nodeCurs\\Task_3_simple-crud-api\\src\\module_CRUD\\modulePut.js": {"path":"E:\\nodeCurs\\Task_3_simple-crud-api\\src\\module_CRUD\\modulePut.js","statementMap":{"0":{"start":{"line":1,"column":14},"end":{"line":49,"column":1}},"1":{"start":{"line":2,"column":18},"end":{"line":2,"column":36}},"2":{"start":{"line":3,"column":18},"end":{"line":3,"column":100}},"3":{"start":{"line":6,"column":23},"end":{"line":6,"column":25}},"4":{"start":{"line":8,"column":4},"end":{"line":10,"column":7}},"5":{"start":{"line":9,"column":8},"end":{"line":9,"column":41}},"6":{"start":{"line":11,"column":4},"end":{"line":48,"column":7}},"7":{"start":{"line":13,"column":29},"end":{"line":13,"column":53}},"8":{"start":{"line":15,"column":8},"end":{"line":47,"column":9}},"9":{"start":{"line":17,"column":12},"end":{"line":21,"column":15}},"10":{"start":{"line":18,"column":16},"end":{"line":20,"column":17}},"11":{"start":{"line":19,"column":20},"end":{"line":19,"column":43}},"12":{"start":{"line":23,"column":12},"end":{"line":40,"column":13}},"13":{"start":{"line":24,"column":16},"end":{"line":24,"column":56}},"14":{"start":{"line":25,"column":16},"end":{"line":25,"column":54}},"15":{"start":{"line":26,"column":16},"end":{"line":26,"column":62}},"16":{"start":{"line":27,"column":16},"end":{"line":27,"column":42}},"17":{"start":{"line":29,"column":34},"end":{"line":29,"column":64}},"18":{"start":{"line":30,"column":16},"end":{"line":30,"column":42}},"19":{"start":{"line":31,"column":16},"end":{"line":31,"column":73}},"20":{"start":{"line":32,"column":16},"end":{"line":32,"column":46}},"21":{"start":{"line":33,"column":16},"end":{"line":33,"column":31}},"22":{"start":{"line":36,"column":16},"end":{"line":36,"column":42}},"23":{"start":{"line":37,"column":16},"end":{"line":37,"column":73}},"24":{"start":{"line":38,"column":16},"end":{"line":38,"column":82}},"25":{"start":{"line":39,"column":16},"end":{"line":39,"column":31}},"26":{"start":{"line":43,"column":12},"end":{"line":43,"column":38}},"27":{"start":{"line":44,"column":12},"end":{"line":44,"column":69}},"28":{"start":{"line":45,"column":12},"end":{"line":45,"column":97}},"29":{"start":{"line":46,"column":12},"end":{"line":46,"column":27}},"30":{"start":{"line":51,"column":0},"end":{"line":51,"column":33}}},"fnMap":{"0":{"name":"(anonymous_0)","decl":{"start":{"line":1,"column":14},"end":{"line":1,"column":15}},"loc":{"start":{"line":1,"column":65},"end":{"line":49,"column":1}},"line":1},"1":{"name":"(anonymous_1)","decl":{"start":{"line":8,"column":24},"end":{"line":8,"column":25}},"loc":{"start":{"line":8,"column":37},"end":{"line":10,"column":5}},"line":8},"2":{"name":"(anonymous_2)","decl":{"start":{"line":11,"column":23},"end":{"line":11,"column":24}},"loc":{"start":{"line":11,"column":29},"end":{"line":48,"column":5}},"line":11},"3":{"name":"(anonymous_3)","decl":{"start":{"line":17,"column":31},"end":{"line":17,"column":32}},"loc":{"start":{"line":17,"column":47},"end":{"line":21,"column":13}},"line":17}},"branchMap":{"0":{"loc":{"start":{"line":15,"column":8},"end":{"line":47,"column":9}},"type":"if","locations":[{"start":{"line":15,"column":8},"end":{"line":47,"column":9}},{"start":{"line":42,"column":15},"end":{"line":47,"column":9}}],"line":15},"1":{"loc":{"start":{"line":18,"column":16},"end":{"line":20,"column":17}},"type":"if","locations":[{"start":{"line":18,"column":16},"end":{"line":20,"column":17}},{"start":{},"end":{}}],"line":18},"2":{"loc":{"start":{"line":23,"column":12},"end":{"line":40,"column":13}},"type":"if","locations":[{"start":{"line":23,"column":12},"end":{"line":40,"column":13}},{"start":{"line":35,"column":19},"end":{"line":40,"column":13}}],"line":23}},"s":{"0":1,"1":2,"2":2,"3":2,"4":2,"5":2,"6":2,"7":2,"8":2,"9":2,"10":2,"11":2,"12":2,"13":2,"14":2,"15":2,"16":2,"17":2,"18":2,"19":2,"20":2,"21":2,"22":0,"23":0,"24":0,"25":0,"26":0,"27":0,"28":0,"29":0,"30":1},"f":{"0":2,"1":2,"2":2,"3":2},"b":{"0":[2,0],"1":[2,0],"2":[2,0]},"_coverageSchema":"1a1c01bbd47fc00a2c39e90264f33305004495a9","hash":"4d2babe4532d120ecad26fc3a353de34244e2376"}
}
