TN:
SF:src\index.js
FN:14,(anonymous_0)
FNF:1
FNH:1
FNDA:12,(anonymous_0)
DA:1,1
DA:2,1
DA:3,1
DA:4,1
DA:5,1
DA:6,1
DA:7,1
DA:9,1
DA:11,1
DA:14,1
DA:16,12
DA:18,12
DA:21,12
DA:22,5
DA:23,2
DA:25,3
DA:26,3
DA:29,7
DA:31,7
DA:32,7
DA:33,7
DA:34,3
DA:36,4
DA:37,2
DA:39,2
DA:40,2
DA:44,0
DA:45,0
DA:46,0
DA:47,0
DA:51,0
DA:52,0
DA:53,0
DA:54,0
DA:58,0
DA:59,0
DA:60,0
DA:61,0
DA:65,0
DA:66,0
DA:67,0
DA:68,0
DA:72,1
DA:73,1
LF:44
LH:28
BRDA:21,0,0,5
BRDA:21,0,1,7
BRDA:22,1,0,2
BRDA:22,1,1,3
BRDA:25,2,0,3
BRDA:25,2,1,0
BRDA:29,3,0,7
BRDA:29,3,1,0
BRDA:29,4,0,7
BRDA:29,4,1,7
BRDA:31,5,0,7
BRDA:31,5,1,0
BRDA:33,6,0,3
BRDA:33,6,1,4
BRDA:36,7,0,2
BRDA:36,7,1,2
BRDA:39,8,0,2
BRDA:39,8,1,0
BRF:18
BRH:14
end_of_record
TN:
SF:src\module_CRUD\moduleDelete.js
FN:2,(anonymous_0)
FN:11,(anonymous_1)
FNF:2
FNH:2
FNDA:2,(anonymous_0)
FNDA:3,(anonymous_1)
DA:2,1
DA:3,2
DA:4,2
DA:9,2
DA:11,2
DA:12,3
DA:13,2
DA:14,2
DA:18,2
DA:19,2
DA:20,2
DA:21,2
DA:22,2
DA:25,0
DA:26,0
DA:27,0
DA:28,0
DA:32,0
DA:33,0
DA:34,0
DA:35,0
DA:39,1
DA:40,1
LF:23
LH:15
BRDA:9,0,0,2
BRDA:9,0,1,0
BRDA:12,1,0,2
BRDA:12,1,1,1
BRDA:18,2,0,2
BRDA:18,2,1,0
BRF:6
BRH:4
end_of_record
TN:
SF:src\module_CRUD\moduleGet.js
FN:1,(anonymous_0)
FNF:1
FNH:1
FNDA:2,(anonymous_0)
DA:1,1
DA:3,2
DA:4,2
DA:5,2
DA:6,2
DA:9,1
LF:6
LH:6
BRF:0
BRH:0
end_of_record
TN:
SF:src\module_CRUD\moduleGetID.js
FN:1,(anonymous_0)
FN:7,(anonymous_1)
FNF:2
FNH:2
FNDA:3,(anonymous_0)
FNDA:2,(anonymous_1)
DA:1,1
DA:2,3
DA:3,3
DA:5,3
DA:7,3
DA:8,2
DA:9,1
DA:13,3
DA:14,1
DA:15,1
DA:16,1
DA:17,1
DA:18,1
DA:21,2
DA:22,2
DA:23,2
DA:24,2
DA:29,0
DA:30,0
DA:31,0
DA:32,0
DA:35,1
LF:22
LH:18
BRDA:5,0,0,3
BRDA:5,0,1,0
BRDA:8,1,0,1
BRDA:8,1,1,1
BRDA:13,2,0,1
BRDA:13,2,1,2
BRF:6
BRH:5
end_of_record
TN:
SF:src\module_CRUD\modulePost.js
FN:1,(anonymous_0)
FN:4,(anonymous_1)
FN:7,(anonymous_2)
FNF:3
FNH:3
FNDA:3,(anonymous_0)
FNDA:3,(anonymous_1)
FNDA:3,(anonymous_2)
DA:1,1
DA:3,3
DA:4,3
DA:5,3
DA:7,3
DA:8,3
DA:9,3
DA:10,3
DA:12,3
DA:14,3
DA:15,3
DA:17,3
DA:18,3
DA:19,3
DA:20,3
DA:21,3
DA:24,0
DA:25,0
DA:26,0
DA:27,0
DA:32,1
LF:21
LH:17
BRDA:12,0,0,3
BRDA:12,0,1,0
BRDA:12,1,0,3
BRDA:12,1,1,3
BRDA:12,1,2,3
BRF:5
BRH:4
end_of_record
TN:
SF:src\module_CRUD\modulePut.js
FN:1,(anonymous_0)
FN:8,(anonymous_1)
FN:11,(anonymous_2)
FN:17,(anonymous_3)
FNF:4
FNH:4
FNDA:2,(anonymous_0)
FNDA:2,(anonymous_1)
FNDA:2,(anonymous_2)
FNDA:2,(anonymous_3)
DA:1,1
DA:2,2
DA:3,2
DA:6,2
DA:8,2
DA:9,2
DA:11,2
DA:13,2
DA:15,2
DA:17,2
DA:18,2
DA:19,2
DA:23,2
DA:24,2
DA:25,2
DA:26,2
DA:27,2
DA:29,2
DA:30,2
DA:31,2
DA:32,2
DA:33,2
DA:36,0
DA:37,0
DA:38,0
DA:39,0
DA:43,0
DA:44,0
DA:45,0
DA:46,0
DA:51,1
LF:31
LH:23
BRDA:15,0,0,2
BRDA:15,0,1,0
BRDA:18,1,0,2
BRDA:18,1,1,0
BRDA:23,2,0,2
BRDA:23,2,1,0
BRF:6
BRH:3
end_of_record
